
WWIV 5.9.0development, inst 1, brought up at 16:07:22 on 03/01/2024.


WWIV 5.9.0development, inst 1, brought up at 16:09:35 on 03/01/2024.


WWIV 5.9.0development, inst 1, brought up at 16:21:35 on 03/01/2024.


### ILLEGAL LOGON for Jazam #1


### ILLEGAL LOGON for Jazam #1


0: Jazam #1 16:23:41 03/01/2024   TELNET - 1 (1)

   Remote IP: 172.17.0.1
  P
   + 'hi' posted on General
  /C
, ?, ?, ?

*** NEW USER 03/01/2024   16:24:26    TELNET (2)
   ** New User Information **
   -> NUMBER2 #2 (Number2)
   -> 222
   -> 22, 22 222222  (U)
   -> 777-777-7777 (Voice)
   -> 788-888-8888 (Data)
   -> 02/22/102 (22 yr old M)
   -> Using a AMD 80686 K6/K6-2 Computer
   ********
   Mail sent to Jazam #1
   Mail sent to Number2 #2

1: Number2 #2 16:25:48 03/01/2024   TELNET - 1 (2)

   Remote IP: 172.17.0.1
  J, /C, Y

  Logged Off At 16:35:14
Read: 0   Time on: 9 minutes.

, YRead: 0   Time on: 18 minutes.



  Logged Off At 17:00:23
Read: 0   Time on: 36 minutes.

